20221028	11:51:34	07ab8b68-1adc-444b-ab5b-0f190d0ecc52	GET	/	undefined
20221028	11:51:34	f3a23ebb-960d-4234-ae4d-65f3b37991e4	GET	/css/style.css	undefined
20221028	11:51:34	3a51818b-7d88-435d-9b7e-56b33a6dec28	GET	/	undefined
20221028	11:51:34	1048ac52-1598-4b4a-85d9-04992b16252c	GET	/css/style.css	undefined
20221028	11:51:34	6abd9431-31a0-470b-89b2-af8949bb7c1d	GET	/	undefined
20221028	11:51:34	237c1eea-7f4e-462e-964c-eb4961aef8a2	GET	/css/style.css	undefined
20221028	11:51:45	52c28b07-2263-4675-9ad2-dc104d7ae169	GET	/	undefined
20221028	11:51:45	fba95b61-f89a-4794-8d80-4fabe199f089	GET	/css/style.css	undefined
20221028	11:54:41	1be8c370-18db-41fa-9c0a-e7eb068b2444	GET	/	undefined
20221028	11:54:41	512282f0-12d4-4cca-82be-4b016577d8f6	GET	/css/style.css	undefined
20221028	11:55:24	fbad691f-4d1e-4f73-9bae-0d67505c5192	GET	/	undefined
20221028	11:55:24	287fce79-451a-474e-9aab-b81da6430cee	GET	/css/style.css	undefined
20221028	11:55:44	a84ea075-f2f4-4f11-aca3-424b8bc39bad	GET	/	undefined
20221028	11:55:44	4db00c67-a351-4802-a42a-848d2319a8bd	GET	/css/style.css	undefined
20221028	11:56:07	f8582f14-ae86-4ef5-8e80-0dd34e6c94e2	GET	/	[object Object]
20221028	11:56:07	e46cdd1a-243c-4c18-a740-a959ded40375	GET	/css/style.css	[object Object]
20221028	11:56:07	2e9b7811-ab5e-4819-81c6-b7ffce075149	GET	/	[object Object]
20221028	11:56:07	409e0228-64af-434e-997c-e7ee6cbe357a	GET	/css/style.css	[object Object]
20221028	11:56:25	71c027b3-6c05-4799-b925-1e2febae2e9b	GET	/	[object Object]
20221028	11:56:25	a3d62d2b-b5dc-4ce4-8278-951ee8f55363	GET	/css/style.css	[object Object]
20221028	11:56:56	d7666d90-3221-44b7-9478-345564692d84	GET	/	undefined
20221028	11:56:56	f437aeba-db75-4710-a21d-8b59bb563a56	GET	/css/style.css	undefined
20221028	11:56:56	50a7d7ce-f0df-4289-b1de-7b54738a3744	GET	/	undefined
20221028	11:56:56	7013b7ac-6c70-4678-a33e-85f85ab90668	GET	/css/style.css	undefined
20221028	11:57:25	a045ba3d-d914-49c7-bd72-03e42732e0c1	GET	/	undefined
20221028	11:57:25	c51e8af4-93eb-4cd2-bccb-c353401b151d	GET	/css/style.css	undefined
20221028	11:57:35	c3f17de1-911f-4a51-b2d3-654bc2894ff4	GET	/	undefined
20221028	11:57:35	bd243b98-e4ba-46e7-bf81-41f8307df937	GET	/css/style.css	undefined
20221028	12:14:20	e07f3b94-5f33-43c1-ab06-666dc546128f	GET	/	undefined
20221028	12:14:20	3924e64c-517c-4040-8885-0cc8fda86b9f	GET	/css/style.css	undefined
20221028	12:14:50	ab16e1c1-cb40-421c-ae7c-da5ec57692cd	GET	/	undefined
20221028	12:14:50	21293f37-8a22-43f1-8098-134520f4a4e5	GET	/css/style.css	undefined
20221028	12:15:08	d0562e43-ea93-4272-89ec-43510604ee46	GET	/	undefined
20221028	12:15:08	b2d22cf3-b26c-45d8-958e-09b2dfe56695	GET	/css/style.css	undefined
20221028	12:20:18	c77a9208-f766-4a34-8b52-0528fd620a93	GET	/	undefined
20221028	12:20:18	29ee2fed-f805-4437-ab45-49ed5608ed90	GET	/css/style.css	undefined
20221028	12:23:09	261eaba8-758a-409d-9d1e-97fd7f7e7bcb	GET	/	undefined
20221028	12:23:09	a06be2c2-ac98-4de2-ac60-7a8b7516a54e	GET	/css/style.css	undefined
20221028	27519c7f-cbdc-4494-aed9-9fc34fad8485	GET	/	undefined
20221028	fc70e884-05a0-4e53-b444-54af167fe38d	GET	/css/style.css	undefined
20221028	12:23:58	4b560272-8ccc-4da3-ab0a-f4016cfc9801	GET	/	undefined
20221028	12:23:58	a14fab52-9048-4538-87d6-653e32201b2d	GET	/css/style.css	undefined
20221028	12:24:12	4e950b41-26a9-4fee-8f94-3d3604b00991	GET	/	undefined
20221028	12:24:12	57e09cce-9f4f-4a01-a4d3-c2a9da1bb917	GET	/css/style.css	undefined
20221028	12:30:40	4f059313-dab3-43a3-83bc-3e3779637714	GET	/	undefined
20221028	12:30:40	1b123d9a-3086-4f1d-b0f7-dcb8f77192cb	GET	/css/style.css	undefined
20221028	12:33:44	324b30cc-5caa-4e72-9d80-9b62df0608e3	GET	/	undefined
20221028	12:33:44	ec86850f-2e15-4df2-91bf-32ab03b38cfc	GET	/	undefined
20221028	12:33:44	9431ba58-1662-4635-b83d-ad68256e4a80	GET	/css/style.css	undefined
20221028	12:33:44	611fbe6c-e627-4d9a-9da8-4c245fcf6b23	GET	/css/style.css	undefined
20221028	12:33:46	5b5502bd-0deb-477a-9a1a-4353bca96e38	GET	/	undefined
20221028	12:33:46	29cfd6b4-3485-4d24-bd64-f2b76716ad34	GET	/	undefined
20221028	12:33:46	36a87a1c-8e40-4945-a096-4b1b65c40886	GET	/css/style.css	undefined
20221028	12:33:46	cd102a82-3012-400c-91fe-5ec4c782e5c4	GET	/css/style.css	undefined
20221028	12:34:01	29731145-c432-4b9f-963c-ef2d33d43179	GET	/	undefined
20221028	12:34:01	4dc733c3-1a1d-49e9-b20d-d885ac9f7407	GET	/	undefined
20221028	12:34:01	3bc47ba6-5e10-41a4-875f-fd43eaa9d96d	GET	/css/style.css	undefined
20221028	12:34:01	76f6094e-5bce-47f1-858e-bda0979d8033	GET	/css/style.css	undefined
20221028	12:34:01	0bba7d3a-d18b-41c3-8745-ff060cb6c652	GET	/	undefined
20221028	12:34:01	b9372010-8e11-4285-91c4-759c6ae52b85	GET	/	undefined
20221028	12:34:01	0a7a1cae-ac9f-4d1a-8ff6-995692010aa8	GET	/css/style.css	undefined
20221028	12:34:01	24cae059-18b0-4346-a6aa-1080ab5538f0	GET	/css/style.css	undefined
20221028	12:34:02	832ce251-7879-4b1b-a12e-13bc92ae341b	GET	/	undefined
20221028	12:34:02	2a4c249e-5594-437f-a08a-6d87982721d1	GET	/	undefined
20221028	12:34:02	3ec975d0-bd37-494e-a592-149fce405d50	GET	/css/style.css	undefined
20221028	12:34:02	114b708c-5018-49be-b1dc-048e7c9bb208	GET	/css/style.css	undefined
20221028	12:34:15	53a7e3f9-afed-4b06-9948-498636dd59c5	GET	/	undefined
20221028	12:34:15	7653c34a-5b2f-4995-bbde-7e5e266fdcc4	GET	/	undefined
20221028	12:34:15	c6a3fcc8-69c0-46fe-aa56-d7b801c49ee6	GET	/css/style.css	undefined
20221028	12:34:15	1901c6c1-43be-4746-be24-d8ed7046f7fd	GET	/css/style.css	undefined
20221028	12:34:16	74cc847b-beb3-42dd-837f-62e57926d028	GET	/	undefined
20221028	12:34:16	dadfb6cb-3f97-48f4-a352-adb3ae2e03f1	GET	/	undefined
20221028	12:34:16	1ff66229-413e-49c2-a341-126d174056ce	GET	/css/style.css	undefined
20221028	12:34:16	b366d65c-e832-4969-bbd9-cfd0595bfa74	GET	/css/style.css	undefined
20221028	12:34:22	623840a5-1c22-442b-8e7a-29074d036d2a	GET	/	undefined
20221028	12:34:22	a5fdcfed-7392-4a90-a753-150d0e8b6472	GET	/	undefined
20221028	12:34:22	99cfee2e-c6d2-4d65-977f-40ac3b4cdc0c	GET	/css/style.css	undefined
20221028	12:34:22	ace9710b-fa16-4366-ad04-1125afc4f821	GET	/css/style.css	undefined
20221028	12:40:07	c2270a5b-0c24-4ba4-b0f2-ff1aae8cf386	GET	/	undefined
20221028	12:40:07	ae0f3f62-4d6a-4296-8daf-81a629f0303d	GET	/	undefined
20221028	12:40:07	4c06c0e3-e87a-49d2-a4ed-521fdce380db	GET	/css/style.css	undefined
20221028	12:40:45	58a4c64e-dece-4007-8d46-079fad9d8437	GET	/	undefined
20221028	12:40:51	abfe41ea-0aae-4488-9266-0620f49402e3	GET	/	undefined
20221028	12:40:53	625ed828-0df0-401a-98e4-5d4234d84961	GET	/	undefined
20221028	12:41:09	755f6f18-0bd8-468c-965b-30529e0d1f20	GET	/	undefined
20221028	12:41:09	364dd7af-5e68-4584-8e41-d4efb348df4a	GET	/css/style.css	undefined
20221028	12:41:20	5efc09c4-924c-4674-a9ec-645bba59167d	GET	/	undefined
20221028	12:41:21	621fba8e-cf7c-4125-a275-0409bb89dcb6	GET	/	undefined
20221028	12:41:23	7755aa47-34ad-4565-b0c9-0926f9730bfc	GET	/	undefined
20221028	12:41:24	733d0f41-4bb4-40f2-9fd8-e1075295dde6	GET	/	undefined
20221028	12:49:08	11f3489a-433e-45dc-a1f9-171456c9ebf1	GET	/	undefined
20221028	12:49:08	7f1987b0-f051-4c0f-881c-ebec60d5f9bb	GET	/css/style.css	undefined
20221028	12:54:00	02f6d0de-0282-41e5-99a1-9a1ceef3aead	OPTIONS	/	https://www.google.com
20221028	12:54:00	41815e60-bb10-4429-bd09-07fe202d5c40	GET	/	https://www.google.com
20221028	12:54:23	8cfd5dc1-2299-4b88-938f-0018cb6cde4d	OPTIONS	/	https://www.google.com
20221028	12:54:23	a8cc5448-b65b-41af-bd1e-456b8fdf6f52	GET	/	https://www.google.com
20221028	12:55:05	c0614d05-1e42-47ca-98be-c664cdeff6d6	OPTIONS	/	https://www.google.com
20221028	12:55:05	03883894-c885-4fb9-97cf-2fa8f7d8a47a	GET	/	https://www.google.com
20221028	13:00:49	ada89a1d-e6cc-4e15-92e2-14d52194fdec	GET	/	undefined
20221028	13:00:55	1964d220-3553-473f-a398-6e9040a13fdb	GET	/	undefined
20221028	13:01:19	a73bc561-9c36-4163-94c2-73c36c3ef426	GET	/	undefined
20221028	13:26:23	631464f7-ae51-4ad5-8a8c-395381ecdc52	GET	/	undefined
20221028	13:26:40	9c46189d-8417-472e-9071-aecbaa314eba	GET	/	undefined
20221028	13:26:58	e1cb6fba-e5cb-4404-958b-6ec1be8a8c04	GET	/	undefined
20221028	13:27:32	85201a8f-ea10-4539-ac8c-b773caa24259	GET	/fds	undefined
20221028	13:29:25	0b47fa82-f75a-42ca-83c2-75936369c8f2	GET	/	https://www.google.com
20221028	13:29:36	a1e43c00-8de7-4f77-a856-d2bab8f04545	GET	/	https://www.google.com
20221028	13:57:35	b331a48c-bcfa-4480-b271-a9adb443fbd5	OPTIONS	/	https://www.google.com
20221028	13:57:35	65f730a3-717b-485a-9ae0-183ff9ae4604	GET	/	https://www.google.com
20221028	13:58:25	30aa9b08-929e-4421-a49d-28614bcfbec5	OPTIONS	/	https://www.google.com
20221028	13:58:25	7424b6f4-f65f-424e-bb87-d5c6f6f752c4	GET	/	https://www.google.com
20221028	14:21:20	641e6e37-5707-499f-ba4a-5853d5ce7721	GET	/	http://localhost:8080
20221028	14:22:41	7804a747-cb26-49f5-9bbc-1e15099427bc	OPTIONS	/	https://www.google.com
20221028	14:22:41	7ccdb008-f466-4c83-9b84-b02d2873356d	GET	/	https://www.google.com
20221028	14:49:12	35816137-0a8a-4cb8-8f1a-034ece8e2016	GET	/	http://localhost:8080
20221028	15:14:46	d9edd292-f328-4cce-813b-8447ec79f75f	OPTIONS	/	https://www.google.com
20221028	15:14:46	8678b36b-03ad-4d35-bd42-0bef6c2676fb	GET	/	https://www.google.com
20221028	15:17:54	9e3b45d2-af33-4de2-a04d-e23a790ab536	GET	/	undefined
20221028	15:17:54	57a64c9b-8fa7-4760-abec-52ee25f61a81	GET	/css/style.css	undefined
20221028	15:36:12	11475ced-b24a-465a-a91b-54014c28f17a	GET	/	undefined
20221028	15:36:12	0a068342-c9d4-4df4-97da-2c3cb4c221f2	GET	/css/style.css	undefined
